The target system is: Generic - 1 - 
The host system is: Linux - 5.10.2-2-MANJARO - x86_64
Compiling the C compiler identification source file "CMakeCCompilerId.c" succeeded.
Compiler: /usr/bin/arm-none-eabi-gcc 
Build flags: 
Id flags: -c 

The output was:
0


Compilation of the C compiler identification source "CMakeCCompilerId.c" produced "CMakeCCompilerId.o"

The C compiler identification is GNU, found in "/home/monberin/Documents/poc_labs/stuff_adc/cmake-build-debug/CMakeFiles/3.17.3/CompilerIdC/CMakeCCompilerId.o"

Compiling the CXX compiler identification source file "CMakeCXXCompilerId.cpp" succeeded.
Compiler: /usr/bin/arm-none-eabi-g++ 
Build flags: 
Id flags: -c 

The output was:
0


Compilation of the CXX compiler identification source "CMakeCXXCompilerId.cpp" produced "CMakeCXXCompilerId.o"

The CXX compiler identification is GNU, found in "/home/monberin/Documents/poc_labs/stuff_adc/cmake-build-debug/CMakeFiles/3.17.3/CompilerIdCXX/CMakeCXXCompilerId.o"

Checking whether the ASM compiler is GNU using "--version" matched "(GNU assembler)|(GCC)|(Free Software Foundation)":
arm-none-eabi-gcc (Arch Repository) 10.2.0
Copyright (C) 2020 Free Software Foundation, Inc.
This is free software; see the source for copying conditions.  There is NO
warranty; not even for MERCHANTABILITY or FITNESS FOR A PARTICULAR PURPOSE.

Determining if the C compiler works passed with the following output:
Change Dir: /home/monberin/Documents/poc_labs/stuff_adc/cmake-build-debug/CMakeFiles/CMakeTmp

Run Build Command(s):/usr/bin/make cmTC_e1b41/fast && /usr/bin/make  -f CMakeFiles/cmTC_e1b41.dir/build.make CMakeFiles/cmTC_e1b41.dir/build
make[1]: Entering directory '/home/monberin/Documents/poc_labs/stuff_adc/cmake-build-debug/CMakeFiles/CMakeTmp'
Building C object CMakeFiles/cmTC_e1b41.dir/testCCompiler.c.obj
/usr/bin/arm-none-eabi-gcc    -o CMakeFiles/cmTC_e1b41.dir/testCCompiler.c.obj   -c /home/monberin/Documents/poc_labs/stuff_adc/cmake-build-debug/CMakeFiles/CMakeTmp/testCCompiler.c
Linking C static library libcmTC_e1b41.a
/home/monberin/.local/share/JetBrains/Toolbox/apps/CLion/ch-0/202.7319.72/bin/cmake/linux/bin/cmake -P CMakeFiles/cmTC_e1b41.dir/cmake_clean_target.cmake
/home/monberin/.local/share/JetBrains/Toolbox/apps/CLion/ch-0/202.7319.72/bin/cmake/linux/bin/cmake -E cmake_link_script CMakeFiles/cmTC_e1b41.dir/link.txt --verbose=1
arm-none-eabi-ar qc libcmTC_e1b41.a  CMakeFiles/cmTC_e1b41.dir/testCCompiler.c.obj
/usr/bin/arm-none-eabi-ranlib libcmTC_e1b41.a
make[1]: Leaving directory '/home/monberin/Documents/poc_labs/stuff_adc/cmake-build-debug/CMakeFiles/CMakeTmp'



Detecting C compiler ABI info compiled with the following output:
Change Dir: /home/monberin/Documents/poc_labs/stuff_adc/cmake-build-debug/CMakeFiles/CMakeTmp

Run Build Command(s):/usr/bin/make cmTC_b30ca/fast && /usr/bin/make  -f CMakeFiles/cmTC_b30ca.dir/build.make CMakeFiles/cmTC_b30ca.dir/build
make[1]: Entering directory '/home/monberin/Documents/poc_labs/stuff_adc/cmake-build-debug/CMakeFiles/CMakeTmp'
Building C object CMakeFiles/cmTC_b30ca.dir/CMakeCCompilerABI.c.obj
/usr/bin/arm-none-eabi-gcc   -v -o CMakeFiles/cmTC_b30ca.dir/CMakeCCompilerABI.c.obj   -c /home/monberin/.local/share/JetBrains/Toolbox/apps/CLion/ch-0/202.7319.72/bin/cmake/linux/share/cmake-3.17/Modules/CMakeCCompilerABI.c
Using built-in specs.
COLLECT_GCC=/usr/bin/arm-none-eabi-gcc
Target: arm-none-eabi
Configured with: /build/arm-none-eabi-gcc/src/gcc-10.2.0/configure --target=arm-none-eabi --prefix=/usr --with-sysroot=/usr/arm-none-eabi --with-native-system-header-dir=/include --libexecdir=/usr/lib --enable-languages=c,c++ --enable-plugins --disable-decimal-float --disable-libffi --disable-libgomp --disable-libmudflap --disable-libquadmath --disable-libssp --disable-libstdcxx-pch --disable-nls --disable-shared --disable-threads --disable-tls --with-gnu-as --with-gnu-ld --with-system-zlib --with-newlib --with-headers=/usr/arm-none-eabi/include --with-python-dir=share/gcc-arm-none-eabi --with-gmp --with-mpfr --with-mpc --with-isl --with-libelf --enable-gnu-indirect-function --with-host-libstdcxx='-static-libgcc -Wl,-Bstatic,-lstdc++,-Bdynamic -lm' --with-pkgversion='Arch Repository' --with-bugurl=https://bugs.archlinux.org/ --with-multilib-list=rmprofile
Thread model: single
Supported LTO compression algorithms: zlib zstd
gcc version 10.2.0 (Arch Repository) 
COLLECT_GCC_OPTIONS='-v' '-o' 'CMakeFiles/cmTC_b30ca.dir/CMakeCCompilerABI.c.obj' '-c' '-mcpu=arm7tdmi' '-mfloat-abi=soft' '-marm' '-march=armv4t'
 /usr/lib/gcc/arm-none-eabi/10.2.0/cc1 -quiet -v -D__USES_INITFINI__ /home/monberin/.local/share/JetBrains/Toolbox/apps/CLion/ch-0/202.7319.72/bin/cmake/linux/share/cmake-3.17/Modules/CMakeCCompilerABI.c -quiet -dumpbase CMakeCCompilerABI.c -mcpu=arm7tdmi -mfloat-abi=soft -marm -march=armv4t -auxbase-strip CMakeFiles/cmTC_b30ca.dir/CMakeCCompilerABI.c.obj -version -o /tmp/ccs9VymZ.s
GNU C17 (Arch Repository) version 10.2.0 (arm-none-eabi)
	compiled by GNU C version 10.1.0, GMP version 6.2.0, MPFR version 4.0.2, MPC version 1.1.0, isl version isl-0.22-GMP

warning: MPFR header version 4.0.2 differs from library version 4.1.0.
GGC heuristics: --param ggc-min-expand=100 --param ggc-min-heapsize=131072
ignoring nonexistent directory "/usr/arm-none-eabi/usr/local/include"
ignoring duplicate directory "/usr/arm-none-eabi/include"
#include "..." search starts here:
#include <...> search starts here:
 /usr/lib/gcc/arm-none-eabi/10.2.0/include
 /usr/lib/gcc/arm-none-eabi/10.2.0/include-fixed
 /usr/lib/gcc/arm-none-eabi/10.2.0/../../../../arm-none-eabi/include
End of search list.
GNU C17 (Arch Repository) version 10.2.0 (arm-none-eabi)
	compiled by GNU C version 10.1.0, GMP version 6.2.0, MPFR version 4.0.2, MPC version 1.1.0, isl version isl-0.22-GMP

warning: MPFR header version 4.0.2 differs from library version 4.1.0.
GGC heuristics: --param ggc-min-expand=100 --param ggc-min-heapsize=131072
Compiler executable checksum: 5e2331d4a1f73ac6264add0113d3651c
COLLECT_GCC_OPTIONS='-v' '-o' 'CMakeFiles/cmTC_b30ca.dir/CMakeCCompilerABI.c.obj' '-c' '-mcpu=arm7tdmi' '-mfloat-abi=soft' '-marm' '-march=armv4t'
 /usr/lib/gcc/arm-none-eabi/10.2.0/../../../../arm-none-eabi/bin/as -v -march=armv4t -mfloat-abi=soft -meabi=5 -o CMakeFiles/cmTC_b30ca.dir/CMakeCCompilerABI.c.obj /tmp/ccs9VymZ.s
GNU assembler version 2.35.1 (arm-none-eabi) using BFD version (GNU Binutils) 2.35.1
COMPILER_PATH=/usr/lib/gcc/arm-none-eabi/10.2.0/:/usr/lib/gcc/arm-none-eabi/10.2.0/:/usr/lib/gcc/arm-none-eabi/:/usr/lib/gcc/arm-none-eabi/10.2.0/:/usr/lib/gcc/arm-none-eabi/:/usr/lib/gcc/arm-none-eabi/10.2.0/../../../../arm-none-eabi/bin/
LIBRARY_PATH=/usr/lib/gcc/arm-none-eabi/10.2.0/:/usr/lib/gcc/arm-none-eabi/10.2.0/../../../../arm-none-eabi/lib/:/usr/arm-none-eabi/lib/
COLLECT_GCC_OPTIONS='-v' '-o' 'CMakeFiles/cmTC_b30ca.dir/CMakeCCompilerABI.c.obj' '-c' '-mcpu=arm7tdmi' '-mfloat-abi=soft' '-marm' '-march=armv4t'
Linking C static library libcmTC_b30ca.a
/home/monberin/.local/share/JetBrains/Toolbox/apps/CLion/ch-0/202.7319.72/bin/cmake/linux/bin/cmake -P CMakeFiles/cmTC_b30ca.dir/cmake_clean_target.cmake
/home/monberin/.local/share/JetBrains/Toolbox/apps/CLion/ch-0/202.7319.72/bin/cmake/linux/bin/cmake -E cmake_link_script CMakeFiles/cmTC_b30ca.dir/link.txt --verbose=1
arm-none-eabi-ar qc libcmTC_b30ca.a  CMakeFiles/cmTC_b30ca.dir/CMakeCCompilerABI.c.obj
/usr/bin/arm-none-eabi-ranlib libcmTC_b30ca.a
make[1]: Leaving directory '/home/monberin/Documents/poc_labs/stuff_adc/cmake-build-debug/CMakeFiles/CMakeTmp'



Parsed C implicit include dir info from above output: rv=done
  found start of include info
  found start of implicit include info
    add: [/usr/lib/gcc/arm-none-eabi/10.2.0/include]
    add: [/usr/lib/gcc/arm-none-eabi/10.2.0/include-fixed]
    add: [/usr/lib/gcc/arm-none-eabi/10.2.0/../../../../arm-none-eabi/include]
  end of search list found
  collapse include dir [/usr/lib/gcc/arm-none-eabi/10.2.0/include] ==> [/usr/lib/gcc/arm-none-eabi/10.2.0/include]
  collapse include dir [/usr/lib/gcc/arm-none-eabi/10.2.0/include-fixed] ==> [/usr/lib/gcc/arm-none-eabi/10.2.0/include-fixed]
  collapse include dir [/usr/lib/gcc/arm-none-eabi/10.2.0/../../../../arm-none-eabi/include] ==> [/usr/arm-none-eabi/include]
  implicit include dirs: [/usr/lib/gcc/arm-none-eabi/10.2.0/include;/usr/lib/gcc/arm-none-eabi/10.2.0/include-fixed;/usr/arm-none-eabi/include]


Parsed C implicit link information from above output:
  link line regex: [^( *|.*[/\])(arm-none-eabi-ld|CMAKE_LINK_STARTFILE-NOTFOUND|([^/\]+-)?ld|collect2)[^/\]*( |$)]
  ignore line: [Change Dir: /home/monberin/Documents/poc_labs/stuff_adc/cmake-build-debug/CMakeFiles/CMakeTmp]
  ignore line: []
  ignore line: [Run Build Command(s):/usr/bin/make cmTC_b30ca/fast && /usr/bin/make  -f CMakeFiles/cmTC_b30ca.dir/build.make CMakeFiles/cmTC_b30ca.dir/build]
  ignore line: [make[1]: Entering directory '/home/monberin/Documents/poc_labs/stuff_adc/cmake-build-debug/CMakeFiles/CMakeTmp']
  ignore line: [Building C object CMakeFiles/cmTC_b30ca.dir/CMakeCCompilerABI.c.obj]
  ignore line: [/usr/bin/arm-none-eabi-gcc   -v -o CMakeFiles/cmTC_b30ca.dir/CMakeCCompilerABI.c.obj   -c /home/monberin/.local/share/JetBrains/Toolbox/apps/CLion/ch-0/202.7319.72/bin/cmake/linux/share/cmake-3.17/Modules/CMakeCCompilerABI.c]
  ignore line: [Using built-in specs.]
  ignore line: [COLLECT_GCC=/usr/bin/arm-none-eabi-gcc]
  ignore line: [Target: arm-none-eabi]
  ignore line: [Configured with: /build/arm-none-eabi-gcc/src/gcc-10.2.0/configure --target=arm-none-eabi --prefix=/usr --with-sysroot=/usr/arm-none-eabi --with-native-system-header-dir=/include --libexecdir=/usr/lib --enable-languages=c,c++ --enable-plugins --disable-decimal-float --disable-libffi --disable-libgomp --disable-libmudflap --disable-libquadmath --disable-libssp --disable-libstdcxx-pch --disable-nls --disable-shared --disable-threads --disable-tls --with-gnu-as --with-gnu-ld --with-system-zlib --with-newlib --with-headers=/usr/arm-none-eabi/include --with-python-dir=share/gcc-arm-none-eabi --with-gmp --with-mpfr --with-mpc --with-isl --with-libelf --enable-gnu-indirect-function --with-host-libstdcxx='-static-libgcc -Wl,-Bstatic,-lstdc++,-Bdynamic -lm' --with-pkgversion='Arch Repository' --with-bugurl=https://bugs.archlinux.org/ --with-multilib-list=rmprofile]
  ignore line: [Thread model: single]
  ignore line: [Supported LTO compression algorithms: zlib zstd]
  ignore line: [gcc version 10.2.0 (Arch Repository) ]
  ignore line: [COLLECT_GCC_OPTIONS='-v' '-o' 'CMakeFiles/cmTC_b30ca.dir/CMakeCCompilerABI.c.obj' '-c' '-mcpu=arm7tdmi' '-mfloat-abi=soft' '-marm' '-march=armv4t']
  ignore line: [ /usr/lib/gcc/arm-none-eabi/10.2.0/cc1 -quiet -v -D__USES_INITFINI__ /home/monberin/.local/share/JetBrains/Toolbox/apps/CLion/ch-0/202.7319.72/bin/cmake/linux/share/cmake-3.17/Modules/CMakeCCompilerABI.c -quiet -dumpbase CMakeCCompilerABI.c -mcpu=arm7tdmi -mfloat-abi=soft -marm -march=armv4t -auxbase-strip CMakeFiles/cmTC_b30ca.dir/CMakeCCompilerABI.c.obj -version -o /tmp/ccs9VymZ.s]
  ignore line: [GNU C17 (Arch Repository) version 10.2.0 (arm-none-eabi)]
  ignore line: [	compiled by GNU C version 10.1.0  GMP version 6.2.0  MPFR version 4.0.2  MPC version 1.1.0  isl version isl-0.22-GMP]
  ignore line: []
  ignore line: [warning: MPFR header version 4.0.2 differs from library version 4.1.0.]
  ignore line: [GGC heuristics: --param ggc-min-expand=100 --param ggc-min-heapsize=131072]
  ignore line: [ignoring nonexistent directory "/usr/arm-none-eabi/usr/local/include"]
  ignore line: [ignoring duplicate directory "/usr/arm-none-eabi/include"]
  ignore line: [#include "..." search starts here:]
  ignore line: [#include <...> search starts here:]
  ignore line: [ /usr/lib/gcc/arm-none-eabi/10.2.0/include]
  ignore line: [ /usr/lib/gcc/arm-none-eabi/10.2.0/include-fixed]
  ignore line: [ /usr/lib/gcc/arm-none-eabi/10.2.0/../../../../arm-none-eabi/include]
  ignore line: [End of search list.]
  ignore line: [GNU C17 (Arch Repository) version 10.2.0 (arm-none-eabi)]
  ignore line: [	compiled by GNU C version 10.1.0  GMP version 6.2.0  MPFR version 4.0.2  MPC version 1.1.0  isl version isl-0.22-GMP]
  ignore line: []
  ignore line: [warning: MPFR header version 4.0.2 differs from library version 4.1.0.]
  ignore line: [GGC heuristics: --param ggc-min-expand=100 --param ggc-min-heapsize=131072]
  ignore line: [Compiler executable checksum: 5e2331d4a1f73ac6264add0113d3651c]
  ignore line: [COLLECT_GCC_OPTIONS='-v' '-o' 'CMakeFiles/cmTC_b30ca.dir/CMakeCCompilerABI.c.obj' '-c' '-mcpu=arm7tdmi' '-mfloat-abi=soft' '-marm' '-march=armv4t']
  ignore line: [ /usr/lib/gcc/arm-none-eabi/10.2.0/../../../../arm-none-eabi/bin/as -v -march=armv4t -mfloat-abi=soft -meabi=5 -o CMakeFiles/cmTC_b30ca.dir/CMakeCCompilerABI.c.obj /tmp/ccs9VymZ.s]
  ignore line: [GNU assembler version 2.35.1 (arm-none-eabi) using BFD version (GNU Binutils) 2.35.1]
  ignore line: [COMPILER_PATH=/usr/lib/gcc/arm-none-eabi/10.2.0/:/usr/lib/gcc/arm-none-eabi/10.2.0/:/usr/lib/gcc/arm-none-eabi/:/usr/lib/gcc/arm-none-eabi/10.2.0/:/usr/lib/gcc/arm-none-eabi/:/usr/lib/gcc/arm-none-eabi/10.2.0/../../../../arm-none-eabi/bin/]
  ignore line: [LIBRARY_PATH=/usr/lib/gcc/arm-none-eabi/10.2.0/:/usr/lib/gcc/arm-none-eabi/10.2.0/../../../../arm-none-eabi/lib/:/usr/arm-none-eabi/lib/]
  ignore line: [COLLECT_GCC_OPTIONS='-v' '-o' 'CMakeFiles/cmTC_b30ca.dir/CMakeCCompilerABI.c.obj' '-c' '-mcpu=arm7tdmi' '-mfloat-abi=soft' '-marm' '-march=armv4t']
  ignore line: [Linking C static library libcmTC_b30ca.a]
  ignore line: [/home/monberin/.local/share/JetBrains/Toolbox/apps/CLion/ch-0/202.7319.72/bin/cmake/linux/bin/cmake -P CMakeFiles/cmTC_b30ca.dir/cmake_clean_target.cmake]
  ignore line: [/home/monberin/.local/share/JetBrains/Toolbox/apps/CLion/ch-0/202.7319.72/bin/cmake/linux/bin/cmake -E cmake_link_script CMakeFiles/cmTC_b30ca.dir/link.txt --verbose=1]
  ignore line: [arm-none-eabi-ar qc libcmTC_b30ca.a  CMakeFiles/cmTC_b30ca.dir/CMakeCCompilerABI.c.obj]
  ignore line: [/usr/bin/arm-none-eabi-ranlib libcmTC_b30ca.a]
  ignore line: [make[1]: Leaving directory '/home/monberin/Documents/poc_labs/stuff_adc/cmake-build-debug/CMakeFiles/CMakeTmp']
  ignore line: []
  ignore line: []
  implicit libs: []
  implicit dirs: []
  implicit fwks: []


Determining if the CXX compiler works passed with the following output:
Change Dir: /home/monberin/Documents/poc_labs/stuff_adc/cmake-build-debug/CMakeFiles/CMakeTmp

Run Build Command(s):/usr/bin/make cmTC_061ee/fast && /usr/bin/make  -f CMakeFiles/cmTC_061ee.dir/build.make CMakeFiles/cmTC_061ee.dir/build
make[1]: Entering directory '/home/monberin/Documents/poc_labs/stuff_adc/cmake-build-debug/CMakeFiles/CMakeTmp'
Building CXX object CMakeFiles/cmTC_061ee.dir/testCXXCompiler.cxx.obj
/usr/bin/arm-none-eabi-g++     -o CMakeFiles/cmTC_061ee.dir/testCXXCompiler.cxx.obj -c /home/monberin/Documents/poc_labs/stuff_adc/cmake-build-debug/CMakeFiles/CMakeTmp/testCXXCompiler.cxx
Linking CXX static library libcmTC_061ee.a
/home/monberin/.local/share/JetBrains/Toolbox/apps/CLion/ch-0/202.7319.72/bin/cmake/linux/bin/cmake -P CMakeFiles/cmTC_061ee.dir/cmake_clean_target.cmake
/home/monberin/.local/share/JetBrains/Toolbox/apps/CLion/ch-0/202.7319.72/bin/cmake/linux/bin/cmake -E cmake_link_script CMakeFiles/cmTC_061ee.dir/link.txt --verbose=1
arm-none-eabi-ar qc libcmTC_061ee.a  CMakeFiles/cmTC_061ee.dir/testCXXCompiler.cxx.obj
/usr/bin/arm-none-eabi-ranlib libcmTC_061ee.a
make[1]: Leaving directory '/home/monberin/Documents/poc_labs/stuff_adc/cmake-build-debug/CMakeFiles/CMakeTmp'



Detecting CXX compiler ABI info compiled with the following output:
Change Dir: /home/monberin/Documents/poc_labs/stuff_adc/cmake-build-debug/CMakeFiles/CMakeTmp

Run Build Command(s):/usr/bin/make cmTC_aacd6/fast && /usr/bin/make  -f CMakeFiles/cmTC_aacd6.dir/build.make CMakeFiles/cmTC_aacd6.dir/build
make[1]: Entering directory '/home/monberin/Documents/poc_labs/stuff_adc/cmake-build-debug/CMakeFiles/CMakeTmp'
Building CXX object CMakeFiles/cmTC_aacd6.dir/CMakeCXXCompilerABI.cpp.obj
/usr/bin/arm-none-eabi-g++    -v -o CMakeFiles/cmTC_aacd6.dir/CMakeCXXCompilerABI.cpp.obj -c /home/monberin/.local/share/JetBrains/Toolbox/apps/CLion/ch-0/202.7319.72/bin/cmake/linux/share/cmake-3.17/Modules/CMakeCXXCompilerABI.cpp
Using built-in specs.
COLLECT_GCC=/usr/bin/arm-none-eabi-g++
Target: arm-none-eabi
Configured with: /build/arm-none-eabi-gcc/src/gcc-10.2.0/configure --target=arm-none-eabi --prefix=/usr --with-sysroot=/usr/arm-none-eabi --with-native-system-header-dir=/include --libexecdir=/usr/lib --enable-languages=c,c++ --enable-plugins --disable-decimal-float --disable-libffi --disable-libgomp --disable-libmudflap --disable-libquadmath --disable-libssp --disable-libstdcxx-pch --disable-nls --disable-shared --disable-threads --disable-tls --with-gnu-as --with-gnu-ld --with-system-zlib --with-newlib --with-headers=/usr/arm-none-eabi/include --with-python-dir=share/gcc-arm-none-eabi --with-gmp --with-mpfr --with-mpc --with-isl --with-libelf --enable-gnu-indirect-function --with-host-libstdcxx='-static-libgcc -Wl,-Bstatic,-lstdc++,-Bdynamic -lm' --with-pkgversion='Arch Repository' --with-bugurl=https://bugs.archlinux.org/ --with-multilib-list=rmprofile
Thread model: single
Supported LTO compression algorithms: zlib zstd
gcc version 10.2.0 (Arch Repository) 
COLLECT_GCC_OPTIONS='-v' '-o' 'CMakeFiles/cmTC_aacd6.dir/CMakeCXXCompilerABI.cpp.obj' '-c' '-mcpu=arm7tdmi' '-mfloat-abi=soft' '-marm' '-march=armv4t'
 /usr/lib/gcc/arm-none-eabi/10.2.0/cc1plus -quiet -v -D__USES_INITFINI__ /home/monberin/.local/share/JetBrains/Toolbox/apps/CLion/ch-0/202.7319.72/bin/cmake/linux/share/cmake-3.17/Modules/CMakeCXXCompilerABI.cpp -quiet -dumpbase CMakeCXXCompilerABI.cpp -mcpu=arm7tdmi -mfloat-abi=soft -marm -march=armv4t -auxbase-strip CMakeFiles/cmTC_aacd6.dir/CMakeCXXCompilerABI.cpp.obj -version -o /tmp/cc0gynXC.s
GNU C++14 (Arch Repository) version 10.2.0 (arm-none-eabi)
	compiled by GNU C version 10.1.0, GMP version 6.2.0, MPFR version 4.0.2, MPC version 1.1.0, isl version isl-0.22-GMP

warning: MPFR header version 4.0.2 differs from library version 4.1.0.
GGC heuristics: --param ggc-min-expand=100 --param ggc-min-heapsize=131072
ignoring nonexistent directory "/usr/arm-none-eabi/usr/local/include"
ignoring duplicate directory "/usr/arm-none-eabi/include"
#include "..." search starts here:
#include <...> search starts here:
 /usr/lib/gcc/arm-none-eabi/10.2.0/../../../../arm-none-eabi/include/c++/10.2.0
 /usr/lib/gcc/arm-none-eabi/10.2.0/../../../../arm-none-eabi/include/c++/10.2.0/arm-none-eabi
 /usr/lib/gcc/arm-none-eabi/10.2.0/../../../../arm-none-eabi/include/c++/10.2.0/backward
 /usr/lib/gcc/arm-none-eabi/10.2.0/include
 /usr/lib/gcc/arm-none-eabi/10.2.0/include-fixed
 /usr/lib/gcc/arm-none-eabi/10.2.0/../../../../arm-none-eabi/include
End of search list.
GNU C++14 (Arch Repository) version 10.2.0 (arm-none-eabi)
	compiled by GNU C version 10.1.0, GMP version 6.2.0, MPFR version 4.0.2, MPC version 1.1.0, isl version isl-0.22-GMP

warning: MPFR header version 4.0.2 differs from library version 4.1.0.
GGC heuristics: --param ggc-min-expand=100 --param ggc-min-heapsize=131072
Compiler executable checksum: 38c7a6c7cc6125453a429785a0230cd0
COLLECT_GCC_OPTIONS='-v' '-o' 'CMakeFiles/cmTC_aacd6.dir/CMakeCXXCompilerABI.cpp.obj' '-c' '-mcpu=arm7tdmi' '-mfloat-abi=soft' '-marm' '-march=armv4t'
 /usr/lib/gcc/arm-none-eabi/10.2.0/../../../../arm-none-eabi/bin/as -v -march=armv4t -mfloat-abi=soft -meabi=5 -o CMakeFiles/cmTC_aacd6.dir/CMakeCXXCompilerABI.cpp.obj /tmp/cc0gynXC.s
GNU assembler version 2.35.1 (arm-none-eabi) using BFD version (GNU Binutils) 2.35.1
COMPILER_PATH=/usr/lib/gcc/arm-none-eabi/10.2.0/:/usr/lib/gcc/arm-none-eabi/10.2.0/:/usr/lib/gcc/arm-none-eabi/:/usr/lib/gcc/arm-none-eabi/10.2.0/:/usr/lib/gcc/arm-none-eabi/:/usr/lib/gcc/arm-none-eabi/10.2.0/../../../../arm-none-eabi/bin/
LIBRARY_PATH=/usr/lib/gcc/arm-none-eabi/10.2.0/:/usr/lib/gcc/arm-none-eabi/10.2.0/../../../../arm-none-eabi/lib/:/usr/arm-none-eabi/lib/
COLLECT_GCC_OPTIONS='-v' '-o' 'CMakeFiles/cmTC_aacd6.dir/CMakeCXXCompilerABI.cpp.obj' '-c' '-mcpu=arm7tdmi' '-mfloat-abi=soft' '-marm' '-march=armv4t'
Linking CXX static library libcmTC_aacd6.a
/home/monberin/.local/share/JetBrains/Toolbox/apps/CLion/ch-0/202.7319.72/bin/cmake/linux/bin/cmake -P CMakeFiles/cmTC_aacd6.dir/cmake_clean_target.cmake
/home/monberin/.local/share/JetBrains/Toolbox/apps/CLion/ch-0/202.7319.72/bin/cmake/linux/bin/cmake -E cmake_link_script CMakeFiles/cmTC_aacd6.dir/link.txt --verbose=1
arm-none-eabi-ar qc libcmTC_aacd6.a  CMakeFiles/cmTC_aacd6.dir/CMakeCXXCompilerABI.cpp.obj
/usr/bin/arm-none-eabi-ranlib libcmTC_aacd6.a
make[1]: Leaving directory '/home/monberin/Documents/poc_labs/stuff_adc/cmake-build-debug/CMakeFiles/CMakeTmp'



Parsed CXX implicit include dir info from above output: rv=done
  found start of include info
  found start of implicit include info
    add: [/usr/lib/gcc/arm-none-eabi/10.2.0/../../../../arm-none-eabi/include/c++/10.2.0]
    add: [/usr/lib/gcc/arm-none-eabi/10.2.0/../../../../arm-none-eabi/include/c++/10.2.0/arm-none-eabi]
    add: [/usr/lib/gcc/arm-none-eabi/10.2.0/../../../../arm-none-eabi/include/c++/10.2.0/backward]
    add: [/usr/lib/gcc/arm-none-eabi/10.2.0/include]
    add: [/usr/lib/gcc/arm-none-eabi/10.2.0/include-fixed]
    add: [/usr/lib/gcc/arm-none-eabi/10.2.0/../../../../arm-none-eabi/include]
  end of search list found
  collapse include dir [/usr/lib/gcc/arm-none-eabi/10.2.0/../../../../arm-none-eabi/include/c++/10.2.0] ==> [/usr/arm-none-eabi/include/c++/10.2.0]
  collapse include dir [/usr/lib/gcc/arm-none-eabi/10.2.0/../../../../arm-none-eabi/include/c++/10.2.0/arm-none-eabi] ==> [/usr/arm-none-eabi/include/c++/10.2.0/arm-none-eabi]
  collapse include dir [/usr/lib/gcc/arm-none-eabi/10.2.0/../../../../arm-none-eabi/include/c++/10.2.0/backward] ==> [/usr/arm-none-eabi/include/c++/10.2.0/backward]
  collapse include dir [/usr/lib/gcc/arm-none-eabi/10.2.0/include] ==> [/usr/lib/gcc/arm-none-eabi/10.2.0/include]
  collapse include dir [/usr/lib/gcc/arm-none-eabi/10.2.0/include-fixed] ==> [/usr/lib/gcc/arm-none-eabi/10.2.0/include-fixed]
  collapse include dir [/usr/lib/gcc/arm-none-eabi/10.2.0/../../../../arm-none-eabi/include] ==> [/usr/arm-none-eabi/include]
  implicit include dirs: [/usr/arm-none-eabi/include/c++/10.2.0;/usr/arm-none-eabi/include/c++/10.2.0/arm-none-eabi;/usr/arm-none-eabi/include/c++/10.2.0/backward;/usr/lib/gcc/arm-none-eabi/10.2.0/include;/usr/lib/gcc/arm-none-eabi/10.2.0/include-fixed;/usr/arm-none-eabi/include]


Parsed CXX implicit link information from above output:
  link line regex: [^( *|.*[/\])(arm-none-eabi-ld|CMAKE_LINK_STARTFILE-NOTFOUND|([^/\]+-)?ld|collect2)[^/\]*( |$)]
  ignore line: [Change Dir: /home/monberin/Documents/poc_labs/stuff_adc/cmake-build-debug/CMakeFiles/CMakeTmp]
  ignore line: []
  ignore line: [Run Build Command(s):/usr/bin/make cmTC_aacd6/fast && /usr/bin/make  -f CMakeFiles/cmTC_aacd6.dir/build.make CMakeFiles/cmTC_aacd6.dir/build]
  ignore line: [make[1]: Entering directory '/home/monberin/Documents/poc_labs/stuff_adc/cmake-build-debug/CMakeFiles/CMakeTmp']
  ignore line: [Building CXX object CMakeFiles/cmTC_aacd6.dir/CMakeCXXCompilerABI.cpp.obj]
  ignore line: [/usr/bin/arm-none-eabi-g++    -v -o CMakeFiles/cmTC_aacd6.dir/CMakeCXXCompilerABI.cpp.obj -c /home/monberin/.local/share/JetBrains/Toolbox/apps/CLion/ch-0/202.7319.72/bin/cmake/linux/share/cmake-3.17/Modules/CMakeCXXCompilerABI.cpp]
  ignore line: [Using built-in specs.]
  ignore line: [COLLECT_GCC=/usr/bin/arm-none-eabi-g++]
  ignore line: [Target: arm-none-eabi]
  ignore line: [Configured with: /build/arm-none-eabi-gcc/src/gcc-10.2.0/configure --target=arm-none-eabi --prefix=/usr --with-sysroot=/usr/arm-none-eabi --with-native-system-header-dir=/include --libexecdir=/usr/lib --enable-languages=c,c++ --enable-plugins --disable-decimal-float --disable-libffi --disable-libgomp --disable-libmudflap --disable-libquadmath --disable-libssp --disable-libstdcxx-pch --disable-nls --disable-shared --disable-threads --disable-tls --with-gnu-as --with-gnu-ld --with-system-zlib --with-newlib --with-headers=/usr/arm-none-eabi/include --with-python-dir=share/gcc-arm-none-eabi --with-gmp --with-mpfr --with-mpc --with-isl --with-libelf --enable-gnu-indirect-function --with-host-libstdcxx='-static-libgcc -Wl,-Bstatic,-lstdc++,-Bdynamic -lm' --with-pkgversion='Arch Repository' --with-bugurl=https://bugs.archlinux.org/ --with-multilib-list=rmprofile]
  ignore line: [Thread model: single]
  ignore line: [Supported LTO compression algorithms: zlib zstd]
  ignore line: [gcc version 10.2.0 (Arch Repository) ]
  ignore line: [COLLECT_GCC_OPTIONS='-v' '-o' 'CMakeFiles/cmTC_aacd6.dir/CMakeCXXCompilerABI.cpp.obj' '-c' '-mcpu=arm7tdmi' '-mfloat-abi=soft' '-marm' '-march=armv4t']
  ignore line: [ /usr/lib/gcc/arm-none-eabi/10.2.0/cc1plus -quiet -v -D__USES_INITFINI__ /home/monberin/.local/share/JetBrains/Toolbox/apps/CLion/ch-0/202.7319.72/bin/cmake/linux/share/cmake-3.17/Modules/CMakeCXXCompilerABI.cpp -quiet -dumpbase CMakeCXXCompilerABI.cpp -mcpu=arm7tdmi -mfloat-abi=soft -marm -march=armv4t -auxbase-strip CMakeFiles/cmTC_aacd6.dir/CMakeCXXCompilerABI.cpp.obj -version -o /tmp/cc0gynXC.s]
  ignore line: [GNU C++14 (Arch Repository) version 10.2.0 (arm-none-eabi)]
  ignore line: [	compiled by GNU C version 10.1.0  GMP version 6.2.0  MPFR version 4.0.2  MPC version 1.1.0  isl version isl-0.22-GMP]
  ignore line: []
  ignore line: [warning: MPFR header version 4.0.2 differs from library version 4.1.0.]
  ignore line: [GGC heuristics: --param ggc-min-expand=100 --param ggc-min-heapsize=131072]
  ignore line: [ignoring nonexistent directory "/usr/arm-none-eabi/usr/local/include"]
  ignore line: [ignoring duplicate directory "/usr/arm-none-eabi/include"]
  ignore line: [#include "..." search starts here:]
  ignore line: [#include <...> search starts here:]
  ignore line: [ /usr/lib/gcc/arm-none-eabi/10.2.0/../../../../arm-none-eabi/include/c++/10.2.0]
  ignore line: [ /usr/lib/gcc/arm-none-eabi/10.2.0/../../../../arm-none-eabi/include/c++/10.2.0/arm-none-eabi]
  ignore line: [ /usr/lib/gcc/arm-none-eabi/10.2.0/../../../../arm-none-eabi/include/c++/10.2.0/backward]
  ignore line: [ /usr/lib/gcc/arm-none-eabi/10.2.0/include]
  ignore line: [ /usr/lib/gcc/arm-none-eabi/10.2.0/include-fixed]
  ignore line: [ /usr/lib/gcc/arm-none-eabi/10.2.0/../../../../arm-none-eabi/include]
  ignore line: [End of search list.]
  ignore line: [GNU C++14 (Arch Repository) version 10.2.0 (arm-none-eabi)]
  ignore line: [	compiled by GNU C version 10.1.0  GMP version 6.2.0  MPFR version 4.0.2  MPC version 1.1.0  isl version isl-0.22-GMP]
  ignore line: []
  ignore line: [warning: MPFR header version 4.0.2 differs from library version 4.1.0.]
  ignore line: [GGC heuristics: --param ggc-min-expand=100 --param ggc-min-heapsize=131072]
  ignore line: [Compiler executable checksum: 38c7a6c7cc6125453a429785a0230cd0]
  ignore line: [COLLECT_GCC_OPTIONS='-v' '-o' 'CMakeFiles/cmTC_aacd6.dir/CMakeCXXCompilerABI.cpp.obj' '-c' '-mcpu=arm7tdmi' '-mfloat-abi=soft' '-marm' '-march=armv4t']
  ignore line: [ /usr/lib/gcc/arm-none-eabi/10.2.0/../../../../arm-none-eabi/bin/as -v -march=armv4t -mfloat-abi=soft -meabi=5 -o CMakeFiles/cmTC_aacd6.dir/CMakeCXXCompilerABI.cpp.obj /tmp/cc0gynXC.s]
  ignore line: [GNU assembler version 2.35.1 (arm-none-eabi) using BFD version (GNU Binutils) 2.35.1]
  ignore line: [COMPILER_PATH=/usr/lib/gcc/arm-none-eabi/10.2.0/:/usr/lib/gcc/arm-none-eabi/10.2.0/:/usr/lib/gcc/arm-none-eabi/:/usr/lib/gcc/arm-none-eabi/10.2.0/:/usr/lib/gcc/arm-none-eabi/:/usr/lib/gcc/arm-none-eabi/10.2.0/../../../../arm-none-eabi/bin/]
  ignore line: [LIBRARY_PATH=/usr/lib/gcc/arm-none-eabi/10.2.0/:/usr/lib/gcc/arm-none-eabi/10.2.0/../../../../arm-none-eabi/lib/:/usr/arm-none-eabi/lib/]
  ignore line: [COLLECT_GCC_OPTIONS='-v' '-o' 'CMakeFiles/cmTC_aacd6.dir/CMakeCXXCompilerABI.cpp.obj' '-c' '-mcpu=arm7tdmi' '-mfloat-abi=soft' '-marm' '-march=armv4t']
  ignore line: [Linking CXX static library libcmTC_aacd6.a]
  ignore line: [/home/monberin/.local/share/JetBrains/Toolbox/apps/CLion/ch-0/202.7319.72/bin/cmake/linux/bin/cmake -P CMakeFiles/cmTC_aacd6.dir/cmake_clean_target.cmake]
  ignore line: [/home/monberin/.local/share/JetBrains/Toolbox/apps/CLion/ch-0/202.7319.72/bin/cmake/linux/bin/cmake -E cmake_link_script CMakeFiles/cmTC_aacd6.dir/link.txt --verbose=1]
  ignore line: [arm-none-eabi-ar qc libcmTC_aacd6.a  CMakeFiles/cmTC_aacd6.dir/CMakeCXXCompilerABI.cpp.obj]
  ignore line: [/usr/bin/arm-none-eabi-ranlib libcmTC_aacd6.a]
  ignore line: [make[1]: Leaving directory '/home/monberin/Documents/poc_labs/stuff_adc/cmake-build-debug/CMakeFiles/CMakeTmp']
  ignore line: []
  ignore line: []
  implicit libs: []
  implicit dirs: []
  implicit fwks: []


